Arguments: 
  C:\Program Files\nodejs\node.exe C:\Users\d\AppData\Roaming\npm\node_modules\yarn\bin\yarn.js add --dev typescript.

PATH: 
  C:\Program Files\Git\mingw64\bin;C:\Program Files\Git\usr\bin;C:\Users\d\bin;C:\Program Files\Eclipse Adoptium\jdk-11.0.13.8-hotspot\bin;C:\Program Files\Common Files\Oracle\Java\javapath;C:\Program Files (x86)\Common Files\Oracle\Java\javapath;C:\Program Files\Python38\Scripts;C:\Program Files\Python38;C:\Program Files (x86)\Common Files\Intel\Shared Libraries\redist\intel64\compiler;C:\WINDOWS\system32;C:\WINDOWS;C:\WINDOWS\System32\Wbem;C:\WINDOWS\System32\WindowsPowerShell\v1.0;C:\WINDOWS\System32\OpenSSH;C:\Program Files\Common Files\Autodesk Shared;E:\Program Files\MATLAB\R2018a\bin;C:\Program Files\Microsoft SQL Server\120\Tools\Binn;C:\Program Files\Microsoft SQL Server\Client SDK\ODBC\110\Tools\Binn;C:\Program Files (x86)\Microsoft SQL Server\120\Tools\Binn;C:\Program Files\Microsoft SQL Server\120\DTS\Binn;C:\Program Files (x86)\Windows Kits\8.1\Windows Performance Toolkit;C:\Program Files\Intel\WiFi\bin;C:\Program Files\Common Files\Intel\WirelessCommon;C:\Program Files\Microsoft SQL Server\130\Tools\Binn;C:\Program Files\Microsoft SQL Server\Client SDK\ODBC\170\Tools\Binn;C:\Program Files (x86)\NVIDIA Corporation\PhysX\Common;C:\ProgramData\ComposerSetup\bin;C:\php;C:\Program Files (x86)\DevDesktop\tools;C:\Program Files (x86)\DevDesktop\drush_9;C:\Program Files\Amazon\AWSCLIV2;C:\Program Files (x86)\Microsoft Emulator Manager\1.0;C:\Program Files\PuTTY;C:\Program Files (x86)\Certbot\bin;C:\ProgramData\chocolatey\bin;C:\Program Files\MATLAB\R2020a\bin;C:\Program Files\Cppcheck;C:\opt\chocolatey\bin;C:\Program Files\Topaz Labs LLC\Topaz Video Enhance AI;C:\Program Files\PostgreSQL\13\bin;C:\Program Files (x86)\Calibre2;C:\Go\bin;C:\Program Files\Git\cmd;C:\Program Files\Docker\Docker\resources\bin;C:\ProgramData\DockerDesktop\version-bin;C:\WINDOWS\system32;C:\WINDOWS;C:\WINDOWS\System32\Wbem;C:\WINDOWS\System32\WindowsPowerShell\v1.0;C:\WINDOWS\System32\OpenSSH;C:\Program Files\nodejs;C:\Program Files\dotnet;C:\Users\d\scoop\shims;C:\Users\d\.cargo\bin;C:\Users\d\AppData\Local\Programs\Python\Python38\Scripts;C:\Users\d\AppData\Local\Programs\Python\Python38;C:\Users\d\AppData\Local\Microsoft\WindowsApps;C:\Program Files\Intel\WiFi\bin;C:\Program Files\Common Files\Intel\WirelessCommon;C:\Program Files\heroku\bin;C:\Users\d\AppData\Roaming\Composer\vendor\bin;C:\Program Files\Java\jdk1.8.0_191;C:\Users\d\AppData\Local\GitHubDesktop\bin;C:\Users\d\AppData\Roaming\Python\Python38\Scripts;C:\Users\d\AppData\Roaming\Python\Python38;C:\Program Files (x86)\GitHub CLI;C:\Users\d\.deno\bin;C:\xampp\mysql\bin;C:\Users\d\go\bin;C:\tools\dart-sdk\bin;C:\Users\d\AppData\Roaming\Pub\Cache\bin;C:\Users\d\AppData\Local\Programs\Microsoft VS Code\bin;C:\Program Files\mingw-w64\x86_64-8.1.0-posix-seh-rt_v6-rev0\mingw64\bin;C:\Users\d\go\bin;C:\Users\d\AppData\Local\Microsoft\WindowsApps;C:\Users\d\AppData\Roaming\npm;C:\Users\d\.dotnet\tools;C:\Users\d\AppData\Local\Programs\IPFS Desktop\resources\app.asar.unpacked\src\ipfs-on-path\scripts\bin-win;C:\Program Files\JetBrains\IntelliJ IDEA 2022.1\bin;C:\Users\d\.dotnet\tools

Yarn version: 
  1.22.15

Node version: 
  14.18.0

Platform: 
  win32 x64

Trace: 
  Error: https://registry.yarnpkg.com/typescript.: Not found
      at Request.params.callback [as _callback] (C:\Users\d\AppData\Roaming\npm\node_modules\yarn\lib\cli.js:66140:18)
      at Request.self.callback (C:\Users\d\AppData\Roaming\npm\node_modules\yarn\lib\cli.js:140885:22)
      at Request.emit (events.js:400:28)
      at Request.<anonymous> (C:\Users\d\AppData\Roaming\npm\node_modules\yarn\lib\cli.js:141857:10)
      at Request.emit (events.js:400:28)
      at IncomingMessage.<anonymous> (C:\Users\d\AppData\Roaming\npm\node_modules\yarn\lib\cli.js:141779:12)
      at Object.onceWrapper (events.js:519:28)
      at IncomingMessage.emit (events.js:412:35)
      at endReadableNT (internal/streams/readable.js:1334:12)
      at processTicksAndRejections (internal/process/task_queues.js:82:21)

npm manifest: 
  {
    "name": "ecom-library",
    "version": "1.0.0",
    "main": "index.js",
    "license": "MIT"
  }

yarn manifest: 
  No manifest

Lockfile: 
  No lockfile
